INFO: [HLS 200-0] Workspace /home/lp6m/Desktop/imagedDetectionHW/hls/color_hist/solution1 opened at Tue Nov 27 15:34:59 JST 2018
Execute     config_clock -quiet -name default -period 6 -default=false 
INFO: [SYN 201-201] Setting up clock 'default' with a period of 6ns.
Command     config_clock returned 0; 0 sec.
Execute     open_platform DefaultPlatform 
Command     open_platform returned 0; 0 sec.
Execute     import_lib /home/lp6m/Xilinx/Vivado/2017.4/common/technology/xilinx/zynq/zynq 
Execute       source /home/lp6m/Xilinx/Vivado/2017.4/common/technology/xilinx/common/xilinx.lib 
Execute         source /home/lp6m/Xilinx/Vivado/2017.4/common/technology/xilinx/interface/xilinx_interface.lib 
Execute           source /home/lp6m/Xilinx/Vivado/2017.4/common/technology/xilinx/interface/plb46.lib 
Command           ap_source returned 0; 0 sec.
Execute           source /home/lp6m/Xilinx/Vivado/2017.4/common/technology/xilinx/interface/fsl.lib 
Command           ap_source returned 0; 0 sec.
Execute           source /home/lp6m/Xilinx/Vivado/2017.4/common/technology/xilinx/interface/axi4.lib 
Command           ap_source returned 0; 0 sec.
Execute           source /home/lp6m/Xilinx/Vivado/2017.4/common/technology/xilinx/interface/maxi.lib 
Command           ap_source returned 0; 0 sec.
Execute           source /home/lp6m/Xilinx/Vivado/2017.4/common/technology/xilinx/interface/saxilite.lib 
Command           ap_source returned 0; 0 sec.
Command         ap_source returned 0; 0 sec.
Execute         source /home/lp6m/Xilinx/Vivado/2017.4/common/technology/xilinx/common/dsp48.lib 
Command         ap_source returned 0; 0 sec.
Execute         source /home/lp6m/Xilinx/Vivado/2017.4/common/technology/xilinx/ip/xfir.lib 
Command         ap_source returned 0; 0 sec.
Execute         source /home/lp6m/Xilinx/Vivado/2017.4/common/technology/xilinx/ip/dds_compiler.lib 
Command         ap_source returned 0; 0 sec.
Execute         source /home/lp6m/Xilinx/Vivado/2017.4/common/technology/xilinx/ip/xfft.lib 
Command         ap_source returned 0; 0 sec.
Command       ap_source returned 0; 0 sec.
Execute       source /home/lp6m/Xilinx/Vivado/2017.4/common/technology/xilinx/common/xilinx_old.lib 
Command       ap_source returned 0; 0 sec.
Execute       source /home/lp6m/Xilinx/Vivado/2017.4/common/technology/xilinx/common/xilinx_vivado.lib 
Command       ap_source returned 0; 0 sec.
Execute       source /home/lp6m/Xilinx/Vivado/2017.4/common/technology/xilinx/common/xilinx.hlp 
Execute         source /home/lp6m/Xilinx/Vivado/2017.4/common/technology/xilinx/common/target_info.tcl 
Command         ap_source returned 0; 0 sec.
Execute         source /home/lp6m/Xilinx/Vivado/2017.4/common/technology/xilinx/interface/xilinx_interface.hlp 
Execute           source /home/lp6m/Xilinx/Vivado/2017.4/common/technology/xilinx/interface/maxi.hlp 
Command           ap_source returned 0; 0 sec.
Execute           source /home/lp6m/Xilinx/Vivado/2017.4/common/technology/xilinx/interface/saxilite.hlp 
Command           ap_source returned 0; 0 sec.
Command         ap_source returned 0; 0 sec.
Execute         source /home/lp6m/Xilinx/Vivado/2017.4/common/technology/xilinx/common/dsp48.hlp 
Command         ap_source returned 0; 0 sec.
Command       ap_source returned 0; 0 sec.
Execute       source /home/lp6m/Xilinx/Vivado/2017.4/common/technology/xilinx/zynq/dsp48e1.hlp 
Command       ap_source returned 0; 0 sec.
Execute       get_default_platform 
Command       get_default_platform returned 0; 0 sec.
Execute       config_chip_info -quiet -resource  {SLICE 13300}  {LUT 53200}     {FF 106400} {DSP48E 220}   {BRAM 280}  
Command       config_chip_info returned 0; 0 sec.
Execute       config_chip_info -quiet -speed medium 
Command       config_chip_info returned 0; 0 sec.
Execute       source /home/lp6m/Xilinx/Vivado/2017.4/common/technology/xilinx/common/xilinx.hlp 
Execute         source /home/lp6m/Xilinx/Vivado/2017.4/common/technology/xilinx/common/target_info.tcl 
Command         ap_source returned 0; 0 sec.
Execute         source /home/lp6m/Xilinx/Vivado/2017.4/common/technology/xilinx/interface/xilinx_interface.hlp 
Execute           source /home/lp6m/Xilinx/Vivado/2017.4/common/technology/xilinx/interface/maxi.hlp 
Command           ap_source returned 0; 0 sec.
Execute           source /home/lp6m/Xilinx/Vivado/2017.4/common/technology/xilinx/interface/saxilite.hlp 
Command           ap_source returned 0; 0 sec.
Command         ap_source returned 0; 0 sec.
Execute         source /home/lp6m/Xilinx/Vivado/2017.4/common/technology/xilinx/common/dsp48.hlp 
Command         ap_source returned 0; 0 sec.
Command       ap_source returned 0; 0 sec.
Command     import_lib returned 0; 0.01 sec.
Execute     source /home/lp6m/Xilinx/Vivado/2017.4/common/technology/xilinx/zynq/zynq.gen 
Execute       source /home/lp6m/Xilinx/Vivado/2017.4/common/technology/xilinx/common/virtex.gen 
Execute         source /home/lp6m/Xilinx/Vivado/2017.4/common/technology/xilinx/common/xilinx.gen 
Execute           source /home/lp6m/Xilinx/Vivado/2017.4/common/technology/xilinx/interface/plb46.gen 
Command           ap_source returned 0; 0 sec.
Execute           source /home/lp6m/Xilinx/Vivado/2017.4/common/technology/xilinx/interface/fsl.gen 
Command           ap_source returned 0; 0 sec.
Execute           source /home/lp6m/Xilinx/Vivado/2017.4/common/technology/xilinx/interface/axi4.gen 
Command           ap_source returned 0; 0 sec.
Execute           source /home/lp6m/Xilinx/Vivado/2017.4/common/technology/xilinx/interface/nativeAXI4.gen 
Execute             source /home/lp6m/Xilinx/Vivado/2017.4/common/technology/xilinx/interface/saxilite.gen 
Command             ap_source returned 0; 0.01 sec.
Execute             source /home/lp6m/Xilinx/Vivado/2017.4/common/technology/xilinx/interface/maxi.gen 
Command             ap_source returned 0; 0 sec.
Command           ap_source returned 0; 0.01 sec.
Execute           source /home/lp6m/Xilinx/Vivado/2017.4/common/technology/xilinx/scripts/xilinxcoregen.gen 
Command           ap_source returned 0; 0.01 sec.
Execute           source /home/lp6m/Xilinx/Vivado/2017.4/common/technology/xilinx/interface/XilEDKCoreGen.gen 
Command           ap_source returned 0; 0 sec.
Execute           source /home/lp6m/Xilinx/Vivado/2017.4/common/technology/xilinx/ip/util.gen 
Command           ap_source returned 0; 0.01 sec.
Execute           source /home/lp6m/Xilinx/Vivado/2017.4/common/technology/xilinx/ip/dds_compiler.gen 
Command           ap_source returned 0; 0 sec.
Execute           source /home/lp6m/Xilinx/Vivado/2017.4/common/technology/xilinx/ip/xfir.gen 
Command           ap_source returned 0; 0 sec.
Execute           source /home/lp6m/Xilinx/Vivado/2017.4/common/technology/xilinx/ip/xfft.gen 
Command           ap_source returned 0; 0.06 sec.
Command         ap_source returned 0; 0.09 sec.
Execute         source /home/lp6m/Xilinx/Vivado/2017.4/common/technology/xilinx/common/dsp48.gen 
Command         ap_source returned 0; 0 sec.
Command       ap_source returned 0; 0.09 sec.
Command     ap_source returned 0; 0.09 sec.
Execute     open_platform DefaultPlatform 
Command     open_platform returned 0; 0 sec.
Execute     import_lib /home/lp6m/Xilinx/Vivado/2017.4/common/technology/xilinx/zynq/zynq_fpv6 
Execute       source /home/lp6m/Xilinx/Vivado/2017.4/common/technology/xilinx/common/xilinx_fpv7.lib 
Execute         source /home/lp6m/Xilinx/Vivado/2017.4/common/technology/xilinx/common/xilinx_hp.lib 
Command         ap_source returned 0; 0.01 sec.
Command       ap_source returned 0; 0.01 sec.
Execute       source /home/lp6m/Xilinx/Vivado/2017.4/common/technology/xilinx/common/xilinx_fpv.hlp 
Execute         source /home/lp6m/Xilinx/Vivado/2017.4/common/technology/xilinx/common/xilinx.hlp 
Execute           source /home/lp6m/Xilinx/Vivado/2017.4/common/technology/xilinx/common/target_info.tcl 
Command           ap_source returned 0; 0 sec.
Execute           source /home/lp6m/Xilinx/Vivado/2017.4/common/technology/xilinx/interface/xilinx_interface.hlp 
Execute             source /home/lp6m/Xilinx/Vivado/2017.4/common/technology/xilinx/interface/maxi.hlp 
Command             ap_source returned 0; 0 sec.
Execute             source /home/lp6m/Xilinx/Vivado/2017.4/common/technology/xilinx/interface/saxilite.hlp 
Command             ap_source returned 0; 0 sec.
Command           ap_source returned 0; 0 sec.
Execute           source /home/lp6m/Xilinx/Vivado/2017.4/common/technology/xilinx/common/dsp48.hlp 
Command           ap_source returned 0; 0 sec.
Command         ap_source returned 0; 0 sec.
Command       ap_source returned 0; 0 sec.
Execute       source /home/lp6m/Xilinx/Vivado/2017.4/common/technology/xilinx/zynq/zynq_hp.hlp 
Command       ap_source returned 0; 0 sec.
Command     import_lib returned 0; 0.02 sec.
Execute     source /home/lp6m/Xilinx/Vivado/2017.4/common/technology/xilinx/zynq/zynq_fpv6.gen 
Execute       source /home/lp6m/Xilinx/Vivado/2017.4/common/technology/xilinx/common/xilinx_fpv6.gen 
Command       ap_source returned 0; 0 sec.
Command     ap_source returned 0; 0 sec.
Execute     set_part xc7z020clg400-1 
Execute       add_library xilinx/zynq/zynq:xc7z020:clg400:-1 
Execute         get_default_platform 
Command         get_default_platform returned 0; 0 sec.
Execute         license_isbetapart xc7z020 
Command         license_isbetapart returned 1; 0.01 sec.
Execute         get_default_platform 
Command         get_default_platform returned 0; 0 sec.
Execute         config_chip_info -quiet -resource  {SLICE 13300}  {LUT 53200}     {FF 106400} {DSP48E 220}   {BRAM 280}  
Command         config_chip_info returned 0; 0 sec.
Execute         config_chip_info -quiet -speed slow 
Command         config_chip_info returned 0; 0 sec.
Command       add_library returned 0; 0.01 sec.
Execute       add_library xilinx/zynq/zynq_fpv6 
Execute         get_default_platform 
Command         get_default_platform returned 0; 0 sec.
Command       add_library returned 0; 0 sec.
INFO: [HLS 200-10] Setting target device to 'xc7z020clg400-1'
Execute       get_default_platform 
Command       get_default_platform returned 0; 0 sec.
Command     set_part returned 0; 0.04 sec.
Execute     get_default_platform 
Command     get_default_platform returned 0; 0 sec.
Execute     config_chip_info -quiet -resource  {SLICE 13300}  {LUT 53200}     {FF 106400} {DSP48E 220}   {BRAM 280}  
Command     config_chip_info returned 0; 0 sec.
Execute     config_chip_info -quiet -speed slow 
Command     config_chip_info returned 0; 0 sec.
Command   open_solution returned 0; 0.18 sec.
Execute   export_design -rtl vhdl -format ip_catalog 
Execute     source /home/lp6m/Desktop/imagedDetectionHW/hls/color_hist/solution1/.autopilot/db/global.setting.tcl 
Command     ap_source returned 0; 0 sec.
Execute     source /home/lp6m/Xilinx/Vivado/2017.4/common/technology/generic/autopilot/common.gen 
Execute       source /home/lp6m/Xilinx/Vivado/2017.4/common/technology/generic/autopilot/APCoreGen.gen 
Command       ap_source returned 0; 0 sec.
Command     ap_source returned 0; 0 sec.
Execute     source /home/lp6m/Xilinx/Vivado/2017.4/common/technology/generic/autopilot/op.gen 
Command     ap_source returned 0; 0 sec.
Execute     source /home/lp6m/Xilinx/Vivado/2017.4/common/technology/generic/autopilot/op_simcore.gen 
Command     ap_source returned 0; 0 sec.
Execute     source /home/lp6m/Xilinx/Vivado/2017.4/common/technology/generic/autopilot/interface.gen 
Command     ap_source returned 0; 0 sec.
Execute     source /home/lp6m/Desktop/imagedDetectionHW/hls/color_hist/solution1/.autopilot/db/global.setting.tcl 
Command     ap_source returned 0; 0 sec.
Execute     source /home/lp6m/Xilinx/Vivado/2017.4/common/technology/xilinx/zynq/zynq.gen 
Execute       source /home/lp6m/Xilinx/Vivado/2017.4/common/technology/xilinx/common/virtex.gen 
Execute         source /home/lp6m/Xilinx/Vivado/2017.4/common/technology/xilinx/common/xilinx.gen 
Execute           source /home/lp6m/Xilinx/Vivado/2017.4/common/technology/xilinx/interface/plb46.gen 
Command           ap_source returned 0; 0.01 sec.
Execute           source /home/lp6m/Xilinx/Vivado/2017.4/common/technology/xilinx/interface/fsl.gen 
Command           ap_source returned 0; 0 sec.
Execute           source /home/lp6m/Xilinx/Vivado/2017.4/common/technology/xilinx/interface/axi4.gen 
Command           ap_source returned 0; 0 sec.
Execute           source /home/lp6m/Xilinx/Vivado/2017.4/common/technology/xilinx/interface/nativeAXI4.gen 
Execute             source /home/lp6m/Xilinx/Vivado/2017.4/common/technology/xilinx/interface/saxilite.gen 
Command             ap_source returned 0; 0 sec.
Execute             source /home/lp6m/Xilinx/Vivado/2017.4/common/technology/xilinx/interface/maxi.gen 
Command             ap_source returned 0; 0 sec.
Command           ap_source returned 0; 0 sec.
Execute           source /home/lp6m/Xilinx/Vivado/2017.4/common/technology/xilinx/scripts/xilinxcoregen.gen 
Command           ap_source returned 0; 0.01 sec.
Execute           source /home/lp6m/Xilinx/Vivado/2017.4/common/technology/xilinx/interface/XilEDKCoreGen.gen 
Command           ap_source returned 0; 0.01 sec.
Execute           source /home/lp6m/Xilinx/Vivado/2017.4/common/technology/xilinx/ip/util.gen 
Command           ap_source returned 0; 0 sec.
Execute           source /home/lp6m/Xilinx/Vivado/2017.4/common/technology/xilinx/ip/dds_compiler.gen 
Command           ap_source returned 0; 0 sec.
Execute           source /home/lp6m/Xilinx/Vivado/2017.4/common/technology/xilinx/ip/xfir.gen 
Command           ap_source returned 0; 0 sec.
Execute           source /home/lp6m/Xilinx/Vivado/2017.4/common/technology/xilinx/ip/xfft.gen 
Command           ap_source returned 0; 0.08 sec.
Command         ap_source returned 0; 0.11 sec.
Execute         source /home/lp6m/Xilinx/Vivado/2017.4/common/technology/xilinx/common/dsp48.gen 
Command         ap_source returned 0; 0 sec.
Command       ap_source returned 0; 0.11 sec.
Command     ap_source returned 0; 0.11 sec.
Execute     source /home/lp6m/Xilinx/Vivado/2017.4/common/technology/xilinx/zynq/zynq_fpv6.gen 
Execute       source /home/lp6m/Xilinx/Vivado/2017.4/common/technology/xilinx/common/xilinx_fpv6.gen 
Command       ap_source returned 0; 0 sec.
Command     ap_source returned 0; 0 sec.
Execute     source /home/lp6m/Desktop/imagedDetectionHW/hls/color_hist/solution1/.autopilot/db/global.setting.tcl 
Command     ap_source returned 0; 0 sec.
INFO: [IMPL 213-8] Exporting RTL as a Vivado IP.
Execute     source /home/lp6m/Desktop/imagedDetectionHW/hls/color_hist/solution1/.autopilot/db/global.setting.tcl 
Command     ap_source returned 0; 0 sec.
Execute     source /home/lp6m/Desktop/imagedDetectionHW/hls/color_hist/solution1/.autopilot/db/global.setting.tcl 
Command     ap_source returned 0; 0 sec.
Execute     source /home/lp6m/Xilinx/Vivado/2017.4/common/technology/generic/autopilot/common.gen 
Execute       source /home/lp6m/Xilinx/Vivado/2017.4/common/technology/generic/autopilot/APCoreGen.gen 
Command       ap_source returned 0; 0 sec.
Command     ap_source returned 0; 0 sec.
Execute     source /home/lp6m/Xilinx/Vivado/2017.4/common/technology/generic/autopilot/op.gen 
Command     ap_source returned 0; 0 sec.
Execute     source /home/lp6m/Xilinx/Vivado/2017.4/common/technology/generic/autopilot/op_simcore.gen 
Command     ap_source returned 0; 0 sec.
Execute     source /home/lp6m/Xilinx/Vivado/2017.4/common/technology/generic/autopilot/interface.gen 
Command     ap_source returned 0; 0 sec.
Execute     source /home/lp6m/Desktop/imagedDetectionHW/hls/color_hist/solution1/.autopilot/db/global.setting.tcl 
Command     ap_source returned 0; 0 sec.
Execute     source /home/lp6m/Xilinx/Vivado/2017.4/common/technology/xilinx/zynq/zynq.gen 
Execute       source /home/lp6m/Xilinx/Vivado/2017.4/common/technology/xilinx/common/virtex.gen 
Execute         source /home/lp6m/Xilinx/Vivado/2017.4/common/technology/xilinx/common/xilinx.gen 
Execute           source /home/lp6m/Xilinx/Vivado/2017.4/common/technology/xilinx/interface/plb46.gen 
Command           ap_source returned 0; 0 sec.
Execute           source /home/lp6m/Xilinx/Vivado/2017.4/common/technology/xilinx/interface/fsl.gen 
Command           ap_source returned 0; 0 sec.
Execute           source /home/lp6m/Xilinx/Vivado/2017.4/common/technology/xilinx/interface/axi4.gen 
Command           ap_source returned 0; 0 sec.
Execute           source /home/lp6m/Xilinx/Vivado/2017.4/common/technology/xilinx/interface/nativeAXI4.gen 
Execute             source /home/lp6m/Xilinx/Vivado/2017.4/common/technology/xilinx/interface/saxilite.gen 
Command             ap_source returned 0; 0.01 sec.
Execute             source /home/lp6m/Xilinx/Vivado/2017.4/common/technology/xilinx/interface/maxi.gen 
Command             ap_source returned 0; 0 sec.
Command           ap_source returned 0; 0.01 sec.
Execute           source /home/lp6m/Xilinx/Vivado/2017.4/common/technology/xilinx/scripts/xilinxcoregen.gen 
Command           ap_source returned 0; 0.01 sec.
Execute           source /home/lp6m/Xilinx/Vivado/2017.4/common/technology/xilinx/interface/XilEDKCoreGen.gen 
Command           ap_source returned 0; 0.01 sec.
Execute           source /home/lp6m/Xilinx/Vivado/2017.4/common/technology/xilinx/ip/util.gen 
Command           ap_source returned 0; 0 sec.
Execute           source /home/lp6m/Xilinx/Vivado/2017.4/common/technology/xilinx/ip/dds_compiler.gen 
Command           ap_source returned 0; 0 sec.
Execute           source /home/lp6m/Xilinx/Vivado/2017.4/common/technology/xilinx/ip/xfir.gen 
Command           ap_source returned 0; 0 sec.
Execute           source /home/lp6m/Xilinx/Vivado/2017.4/common/technology/xilinx/ip/xfft.gen 
Command           ap_source returned 0; 0.06 sec.
Command         ap_source returned 0; 0.09 sec.
Execute         source /home/lp6m/Xilinx/Vivado/2017.4/common/technology/xilinx/common/dsp48.gen 
Command         ap_source returned 0; 0 sec.
Command       ap_source returned 0; 0.09 sec.
Command     ap_source returned 0; 0.09 sec.
Execute     source /home/lp6m/Xilinx/Vivado/2017.4/common/technology/xilinx/zynq/zynq_fpv6.gen 
Execute       source /home/lp6m/Xilinx/Vivado/2017.4/common/technology/xilinx/common/xilinx_fpv6.gen 
Command       ap_source returned 0; 0 sec.
Command     ap_source returned 0; 0 sec.
Execute     source /home/lp6m/Desktop/imagedDetectionHW/hls/color_hist/solution1/.autopilot/db/color_hist.rtl_wrap.cfg.tcl 
Command     ap_source returned 0; 0 sec.
Execute     source /home/lp6m/Desktop/imagedDetectionHW/hls/color_hist/solution1/.autopilot/db/color_hist.rtl_wrap.cfg.tcl 
Command     ap_source returned 0; 0 sec.
Execute     source /home/lp6m/Desktop/imagedDetectionHW/hls/color_hist/solution1/.autopilot/db/color_hist.rtl_wrap.cfg.tcl 
Command     ap_source returned 0; 0 sec.
Execute     source /home/lp6m/Desktop/imagedDetectionHW/hls/color_hist/solution1/.autopilot/db/color_hist.tbgen.tcl 
Command     ap_source returned 0; 0 sec.
Execute     source /home/lp6m/Desktop/imagedDetectionHW/hls/color_hist/solution1/.autopilot/db/color_hist.tbgen.tcl 
Command     ap_source returned 0; 0 sec.
Execute     source /home/lp6m/Desktop/imagedDetectionHW/hls/color_hist/solution1/.autopilot/db/global.setting.tcl 
Command     ap_source returned 0; 0 sec.
Execute     source /home/lp6m/Desktop/imagedDetectionHW/hls/color_hist/solution1/.autopilot/db/calc_hist.compgen.tcl 
Command     ap_source returned 0; 0 sec.
Execute     source /home/lp6m/Desktop/imagedDetectionHW/hls/color_hist/solution1/.autopilot/db/color_hist.compgen.tcl 
Command     ap_source returned 0; 0 sec.
Execute     source /home/lp6m/Desktop/imagedDetectionHW/hls/color_hist/solution1/.autopilot/db/global.setting.tcl 
Command     ap_source returned 0; 0 sec.
Execute     source /home/lp6m/Desktop/imagedDetectionHW/hls/color_hist/solution1/.autopilot/db/calc_hist.compgen.tcl 
Command     ap_source returned 0; 0 sec.
Execute     source /home/lp6m/Desktop/imagedDetectionHW/hls/color_hist/solution1/.autopilot/db/color_hist.compgen.tcl 
Command     ap_source returned 0; 0 sec.
Execute     source /home/lp6m/Desktop/imagedDetectionHW/hls/color_hist/solution1/.autopilot/db/global.setting.tcl 
Command     ap_source returned 0; 0 sec.
Execute     source /home/lp6m/Desktop/imagedDetectionHW/hls/color_hist/solution1/.autopilot/db/calc_hist.compgen.tcl 
Command     ap_source returned 0; 0 sec.
Execute     source /home/lp6m/Desktop/imagedDetectionHW/hls/color_hist/solution1/.autopilot/db/color_hist.compgen.tcl 
Command     ap_source returned 0; 0 sec.
Execute     source /home/lp6m/Desktop/imagedDetectionHW/hls/color_hist/solution1/.autopilot/db/global.setting.tcl 
Command     ap_source returned 0; 0 sec.
Execute     source /home/lp6m/Desktop/imagedDetectionHW/hls/color_hist/solution1/.autopilot/db/color_hist.constraint.tcl 
Command     ap_source returned 0; 0 sec.
Execute     source /home/lp6m/Desktop/imagedDetectionHW/hls/color_hist/solution1/.autopilot/db/color_hist.tbgen.tcl 
Command     ap_source returned 0; 0 sec.
Execute     source /home/lp6m/Desktop/imagedDetectionHW/hls/color_hist/solution1/.autopilot/db/global.setting.tcl 
Command     ap_source returned 0; 0 sec.
Execute     source /home/lp6m/Desktop/imagedDetectionHW/hls/color_hist/solution1/.autopilot/db/color_hist.tbgen.tcl 
Command     ap_source returned 0; 0 sec.
Execute     source /home/lp6m/Desktop/imagedDetectionHW/hls/color_hist/solution1/.autopilot/db/color_hist.tbgen.tcl 
Command     ap_source returned 0; 0 sec.
Execute     source /home/lp6m/Desktop/imagedDetectionHW/hls/color_hist/solution1/.autopilot/db/global.setting.tcl 
Command     ap_source returned 0; 0 sec.
Execute     source /home/lp6m/Desktop/imagedDetectionHW/hls/color_hist/solution1/.autopilot/db/global.setting.tcl 
Command     ap_source returned 0; 0 sec.
Execute     source /home/lp6m/Desktop/imagedDetectionHW/hls/color_hist/solution1/.autopilot/db/color_hist.rtl_wrap.cfg.tcl 
Command     ap_source returned 0; 0 sec.
Execute     source /home/lp6m/Desktop/imagedDetectionHW/hls/color_hist/solution1/.autopilot/db/color_hist.rtl_wrap.cfg.tcl 
Command     ap_source returned 0; 0 sec.
Execute     source /home/lp6m/Desktop/imagedDetectionHW/hls/color_hist/solution1/.autopilot/db/color_hist.rtl_wrap.cfg.tcl 
Command     ap_source returned 0; 0 sec.
Execute     source /home/lp6m/Desktop/imagedDetectionHW/hls/color_hist/solution1/.autopilot/db/color_hist.tbgen.tcl 
Command     ap_source returned 0; 0 sec.
Execute     source /home/lp6m/Desktop/imagedDetectionHW/hls/color_hist/solution1/.autopilot/db/color_hist.tbgen.tcl 
Command     ap_source returned 0; 0 sec.
Execute     source /home/lp6m/Desktop/imagedDetectionHW/hls/color_hist/solution1/.autopilot/db/color_hist.tbgen.tcl 
Command     ap_source returned 0; 0 sec.
Execute     source /home/lp6m/Desktop/imagedDetectionHW/hls/color_hist/solution1/.autopilot/db/color_hist.rtl_wrap.cfg.tcl 
Command     ap_source returned 0; 0 sec.
Execute     source /home/lp6m/Desktop/imagedDetectionHW/hls/color_hist/solution1/.autopilot/db/color_hist.rtl_wrap.cfg.tcl 
Command     ap_source returned 0; 0 sec.
Execute     source /home/lp6m/Desktop/imagedDetectionHW/hls/color_hist/solution1/.autopilot/db/color_hist.rtl_wrap.cfg.tcl 
Command     ap_source returned 0; 0 sec.
Execute     source /home/lp6m/Desktop/imagedDetectionHW/hls/color_hist/solution1/.autopilot/db/color_hist.tbgen.tcl 
Command     ap_source returned 0; 0 sec.
Execute     source /home/lp6m/Desktop/imagedDetectionHW/hls/color_hist/solution1/.autopilot/db/color_hist.tbgen.tcl 
Command     ap_source returned 0; 0 sec.
Execute     source /home/lp6m/Desktop/imagedDetectionHW/hls/color_hist/solution1/.autopilot/db/global.setting.tcl 
Command     ap_source returned 0; 0 sec.
Execute     source /home/lp6m/Desktop/imagedDetectionHW/hls/color_hist/solution1/.autopilot/db/color_hist.tbgen.tcl 
Command     ap_source returned 0; 0.01 sec.
Execute     source /home/lp6m/Desktop/imagedDetectionHW/hls/color_hist/solution1/.autopilot/db/global.setting.tcl 
Command     ap_source returned 0; 0 sec.
Execute     source /home/lp6m/Desktop/imagedDetectionHW/hls/color_hist/solution1/.autopilot/db/color_hist.constraint.tcl 
Command     ap_source returned 0; 0 sec.
Execute     source /home/lp6m/Desktop/imagedDetectionHW/hls/color_hist/solution1/.autopilot/db/global.setting.tcl 
Command     ap_source returned 0; 0 sec.
Execute     source /home/lp6m/Desktop/imagedDetectionHW/hls/color_hist/solution1/.autopilot/db/color_hist.constraint.tcl 
Command     ap_source returned 0; 0 sec.
Execute     source /home/lp6m/Desktop/imagedDetectionHW/hls/color_hist/solution1/.autopilot/db/color_hist.tbgen.tcl 
Command     ap_source returned 0; 0 sec.
Execute     source /home/lp6m/Desktop/imagedDetectionHW/hls/color_hist/solution1/.autopilot/db/global.setting.tcl 
Command     ap_source returned 0; 0 sec.
Execute     source /home/lp6m/Xilinx/Vivado/2017.4/common/technology/generic/autopilot/common.gen 
Execute       source /home/lp6m/Xilinx/Vivado/2017.4/common/technology/generic/autopilot/APCoreGen.gen 
Command       ap_source returned 0; 0 sec.
Command     ap_source returned 0; 0 sec.
Execute     source /home/lp6m/Xilinx/Vivado/2017.4/common/technology/generic/autopilot/op.gen 
Command     ap_source returned 0; 0 sec.
Execute     source /home/lp6m/Xilinx/Vivado/2017.4/common/technology/generic/autopilot/op_simcore.gen 
Command     ap_source returned 0; 0 sec.
Execute     source /home/lp6m/Xilinx/Vivado/2017.4/common/technology/generic/autopilot/interface.gen 
Command     ap_source returned 0; 0 sec.
Execute     source /home/lp6m/Desktop/imagedDetectionHW/hls/color_hist/solution1/.autopilot/db/global.setting.tcl 
Command     ap_source returned 0; 0 sec.
Execute     source /home/lp6m/Xilinx/Vivado/2017.4/common/technology/xilinx/zynq/zynq.gen 
Execute       source /home/lp6m/Xilinx/Vivado/2017.4/common/technology/xilinx/common/virtex.gen 
Execute         source /home/lp6m/Xilinx/Vivado/2017.4/common/technology/xilinx/common/xilinx.gen 
Execute           source /home/lp6m/Xilinx/Vivado/2017.4/common/technology/xilinx/interface/plb46.gen 
Command           ap_source returned 0; 0 sec.
Execute           source /home/lp6m/Xilinx/Vivado/2017.4/common/technology/xilinx/interface/fsl.gen 
Command           ap_source returned 0; 0 sec.
Execute           source /home/lp6m/Xilinx/Vivado/2017.4/common/technology/xilinx/interface/axi4.gen 
Command           ap_source returned 0; 0.01 sec.
Execute           source /home/lp6m/Xilinx/Vivado/2017.4/common/technology/xilinx/interface/nativeAXI4.gen 
Execute             source /home/lp6m/Xilinx/Vivado/2017.4/common/technology/xilinx/interface/saxilite.gen 
Command             ap_source returned 0; 0 sec.
Execute             source /home/lp6m/Xilinx/Vivado/2017.4/common/technology/xilinx/interface/maxi.gen 
Command             ap_source returned 0; 0 sec.
Command           ap_source returned 0; 0 sec.
Execute           source /home/lp6m/Xilinx/Vivado/2017.4/common/technology/xilinx/scripts/xilinxcoregen.gen 
Command           ap_source returned 0; 0.01 sec.
Execute           source /home/lp6m/Xilinx/Vivado/2017.4/common/technology/xilinx/interface/XilEDKCoreGen.gen 
Command           ap_source returned 0; 0.01 sec.
Execute           source /home/lp6m/Xilinx/Vivado/2017.4/common/technology/xilinx/ip/util.gen 
Command           ap_source returned 0; 0 sec.
Execute           source /home/lp6m/Xilinx/Vivado/2017.4/common/technology/xilinx/ip/dds_compiler.gen 
Command           ap_source returned 0; 0 sec.
Execute           source /home/lp6m/Xilinx/Vivado/2017.4/common/technology/xilinx/ip/xfir.gen 
Command           ap_source returned 0; 0 sec.
Execute           source /home/lp6m/Xilinx/Vivado/2017.4/common/technology/xilinx/ip/xfft.gen 
Command           ap_source returned 0; 0.06 sec.
Command         ap_source returned 0; 0.09 sec.
Execute         source /home/lp6m/Xilinx/Vivado/2017.4/common/technology/xilinx/common/dsp48.gen 
Command         ap_source returned 0; 0 sec.
Command       ap_source returned 0; 0.09 sec.
Command     ap_source returned 0; 0.09 sec.
Execute     source /home/lp6m/Xilinx/Vivado/2017.4/common/technology/xilinx/zynq/zynq_fpv6.gen 
Execute       source /home/lp6m/Xilinx/Vivado/2017.4/common/technology/xilinx/common/xilinx_fpv6.gen 
Command       ap_source returned 0; 0 sec.
Command     ap_source returned 0; 0 sec.
Execute     source /home/lp6m/Desktop/imagedDetectionHW/hls/color_hist/solution1/.autopilot/db/global.setting.tcl 
Command     ap_source returned 0; 0 sec.
Execute     source /home/lp6m/Xilinx/Vivado/2017.4/common/technology/generic/autopilot/common.gen 
Execute       source /home/lp6m/Xilinx/Vivado/2017.4/common/technology/generic/autopilot/APCoreGen.gen 
Command       ap_source returned 0; 0 sec.
Command     ap_source returned 0; 0 sec.
Execute     source /home/lp6m/Xilinx/Vivado/2017.4/common/technology/generic/autopilot/op.gen 
Command     ap_source returned 0; 0 sec.
Execute     source /home/lp6m/Xilinx/Vivado/2017.4/common/technology/generic/autopilot/op_simcore.gen 
Command     ap_source returned 0; 0 sec.
Execute     source /home/lp6m/Xilinx/Vivado/2017.4/common/technology/generic/autopilot/interface.gen 
Command     ap_source returned 0; 0 sec.
Execute     source /home/lp6m/Desktop/imagedDetectionHW/hls/color_hist/solution1/.autopilot/db/global.setting.tcl 
Command     ap_source returned 0; 0 sec.
Execute     source /home/lp6m/Xilinx/Vivado/2017.4/common/technology/xilinx/zynq/zynq.gen 
Execute       source /home/lp6m/Xilinx/Vivado/2017.4/common/technology/xilinx/common/virtex.gen 
Execute         source /home/lp6m/Xilinx/Vivado/2017.4/common/technology/xilinx/common/xilinx.gen 
Execute           source /home/lp6m/Xilinx/Vivado/2017.4/common/technology/xilinx/interface/plb46.gen 
Command           ap_source returned 0; 0 sec.
Execute           source /home/lp6m/Xilinx/Vivado/2017.4/common/technology/xilinx/interface/fsl.gen 
Command           ap_source returned 0; 0 sec.
Execute           source /home/lp6m/Xilinx/Vivado/2017.4/common/technology/xilinx/interface/axi4.gen 
Command           ap_source returned 0; 0.01 sec.
Execute           source /home/lp6m/Xilinx/Vivado/2017.4/common/technology/xilinx/interface/nativeAXI4.gen 
Execute             source /home/lp6m/Xilinx/Vivado/2017.4/common/technology/xilinx/interface/saxilite.gen 
Command             ap_source returned 0; 0 sec.
Execute             source /home/lp6m/Xilinx/Vivado/2017.4/common/technology/xilinx/interface/maxi.gen 
Command             ap_source returned 0; 0.01 sec.
Command           ap_source returned 0; 0.01 sec.
Execute           source /home/lp6m/Xilinx/Vivado/2017.4/common/technology/xilinx/scripts/xilinxcoregen.gen 
Command           ap_source returned 0; 0.01 sec.
Execute           source /home/lp6m/Xilinx/Vivado/2017.4/common/technology/xilinx/interface/XilEDKCoreGen.gen 
Command           ap_source returned 0; 0.01 sec.
Execute           source /home/lp6m/Xilinx/Vivado/2017.4/common/technology/xilinx/ip/util.gen 
Command           ap_source returned 0; 0 sec.
Execute           source /home/lp6m/Xilinx/Vivado/2017.4/common/technology/xilinx/ip/dds_compiler.gen 
Command           ap_source returned 0; 0 sec.
Execute           source /home/lp6m/Xilinx/Vivado/2017.4/common/technology/xilinx/ip/xfir.gen 
Command           ap_source returned 0; 0 sec.
Execute           source /home/lp6m/Xilinx/Vivado/2017.4/common/technology/xilinx/ip/xfft.gen 
Command           ap_source returned 0; 0.08 sec.
Command         ap_source returned 0; 0.12 sec.
Execute         source /home/lp6m/Xilinx/Vivado/2017.4/common/technology/xilinx/common/dsp48.gen 
Command         ap_source returned 0; 0 sec.
Command       ap_source returned 0; 0.12 sec.
Command     ap_source returned 0; 0.12 sec.
Execute     source /home/lp6m/Xilinx/Vivado/2017.4/common/technology/xilinx/zynq/zynq_fpv6.gen 
Execute       source /home/lp6m/Xilinx/Vivado/2017.4/common/technology/xilinx/common/xilinx_fpv6.gen 
Command       ap_source returned 0; 0 sec.
Command     ap_source returned 0; 0 sec.
Execute     source /home/lp6m/Desktop/imagedDetectionHW/hls/color_hist/solution1/.autopilot/db/global.setting.tcl 
Command     ap_source returned 0; 0 sec.
Execute     source /home/lp6m/Desktop/imagedDetectionHW/hls/color_hist/solution1/.autopilot/db/global.setting.tcl 
Command     ap_source returned 0; 0 sec.
Execute     source /home/lp6m/Desktop/imagedDetectionHW/hls/color_hist/solution1/.autopilot/db/global.setting.tcl 
Command     ap_source returned 0; 0 sec.
Execute     source /home/lp6m/Xilinx/Vivado/2017.4/common/technology/generic/autopilot/common.gen 
Execute       source /home/lp6m/Xilinx/Vivado/2017.4/common/technology/generic/autopilot/APCoreGen.gen 
Command       ap_source returned 0; 0 sec.
Command     ap_source returned 0; 0 sec.
Execute     source /home/lp6m/Xilinx/Vivado/2017.4/common/technology/generic/autopilot/op.gen 
Command     ap_source returned 0; 0 sec.
Execute     source /home/lp6m/Xilinx/Vivado/2017.4/common/technology/generic/autopilot/op_simcore.gen 
Command     ap_source returned 0; 0 sec.
Execute     source /home/lp6m/Xilinx/Vivado/2017.4/common/technology/generic/autopilot/interface.gen 
Command     ap_source returned 0; 0 sec.
Execute     source /home/lp6m/Desktop/imagedDetectionHW/hls/color_hist/solution1/.autopilot/db/global.setting.tcl 
Command     ap_source returned 0; 0 sec.
Execute     source /home/lp6m/Xilinx/Vivado/2017.4/common/technology/xilinx/zynq/zynq.gen 
Execute       source /home/lp6m/Xilinx/Vivado/2017.4/common/technology/xilinx/common/virtex.gen 
Execute         source /home/lp6m/Xilinx/Vivado/2017.4/common/technology/xilinx/common/xilinx.gen 
Execute           source /home/lp6m/Xilinx/Vivado/2017.4/common/technology/xilinx/interface/plb46.gen 
Command           ap_source returned 0; 0 sec.
Execute           source /home/lp6m/Xilinx/Vivado/2017.4/common/technology/xilinx/interface/fsl.gen 
Command           ap_source returned 0; 0 sec.
Execute           source /home/lp6m/Xilinx/Vivado/2017.4/common/technology/xilinx/interface/axi4.gen 
Command           ap_source returned 0; 0 sec.
Execute           source /home/lp6m/Xilinx/Vivado/2017.4/common/technology/xilinx/interface/nativeAXI4.gen 
Execute             source /home/lp6m/Xilinx/Vivado/2017.4/common/technology/xilinx/interface/saxilite.gen 
Command             ap_source returned 0; 0 sec.
Execute             source /home/lp6m/Xilinx/Vivado/2017.4/common/technology/xilinx/interface/maxi.gen 
Command             ap_source returned 0; 0.01 sec.
Command           ap_source returned 0; 0.01 sec.
Execute           source /home/lp6m/Xilinx/Vivado/2017.4/common/technology/xilinx/scripts/xilinxcoregen.gen 
Command           ap_source returned 0; 0 sec.
Execute           source /home/lp6m/Xilinx/Vivado/2017.4/common/technology/xilinx/interface/XilEDKCoreGen.gen 
Command           ap_source returned 0; 0.01 sec.
Execute           source /home/lp6m/Xilinx/Vivado/2017.4/common/technology/xilinx/ip/util.gen 
Command           ap_source returned 0; 0 sec.
Execute           source /home/lp6m/Xilinx/Vivado/2017.4/common/technology/xilinx/ip/dds_compiler.gen 
Command           ap_source returned 0; 0 sec.
Execute           source /home/lp6m/Xilinx/Vivado/2017.4/common/technology/xilinx/ip/xfir.gen 
Command           ap_source returned 0; 0 sec.
Execute           source /home/lp6m/Xilinx/Vivado/2017.4/common/technology/xilinx/ip/xfft.gen 
Command           ap_source returned 0; 0.06 sec.
Command         ap_source returned 0; 0.08 sec.
Execute         source /home/lp6m/Xilinx/Vivado/2017.4/common/technology/xilinx/common/dsp48.gen 
Command         ap_source returned 0; 0 sec.
Command       ap_source returned 0; 0.09 sec.
Command     ap_source returned 0; 0.1 sec.
Execute     source /home/lp6m/Xilinx/Vivado/2017.4/common/technology/xilinx/zynq/zynq_fpv6.gen 
Execute       source /home/lp6m/Xilinx/Vivado/2017.4/common/technology/xilinx/common/xilinx_fpv6.gen 
Command       ap_source returned 0; 0 sec.
Command     ap_source returned 0; 0 sec.
Execute     source /home/lp6m/Desktop/imagedDetectionHW/hls/color_hist/solution1/.autopilot/db/global.setting.tcl 
Command     ap_source returned 0; 0 sec.
Execute     source /home/lp6m/Desktop/imagedDetectionHW/hls/color_hist/solution1/.autopilot/db/calc_hist.compgen.tcl 
Command     ap_source returned 0; 0 sec.
Execute     source /home/lp6m/Desktop/imagedDetectionHW/hls/color_hist/solution1/.autopilot/db/color_hist.compgen.tcl 
Command     ap_source returned 0; 0 sec.
Execute     source /home/lp6m/Desktop/imagedDetectionHW/hls/color_hist/solution1/.autopilot/db/global.setting.tcl 
Command     ap_source returned 0; 0 sec.
Execute     source /home/lp6m/Desktop/imagedDetectionHW/hls/color_hist/solution1/.autopilot/db/color_hist.constraint.tcl 
Command     ap_source returned 0; 0 sec.
Execute     source /home/lp6m/Desktop/imagedDetectionHW/hls/color_hist/solution1/.autopilot/db/color_hist.tbgen.tcl 
Command     ap_source returned 0; 0 sec.
Execute     source /home/lp6m/Desktop/imagedDetectionHW/hls/color_hist/solution1/.autopilot/db/global.setting.tcl 
Command     ap_source returned 0; 0 sec.
Execute     source /home/lp6m/Xilinx/Vivado/2017.4/common/technology/generic/autopilot/common.gen 
Execute       source /home/lp6m/Xilinx/Vivado/2017.4/common/technology/generic/autopilot/APCoreGen.gen 
Command       ap_source returned 0; 0 sec.
Command     ap_source returned 0; 0 sec.
Execute     source /home/lp6m/Xilinx/Vivado/2017.4/common/technology/generic/autopilot/op.gen 
Command     ap_source returned 0; 0 sec.
Execute     source /home/lp6m/Xilinx/Vivado/2017.4/common/technology/generic/autopilot/op_simcore.gen 
Command     ap_source returned 0; 0 sec.
Execute     source /home/lp6m/Xilinx/Vivado/2017.4/common/technology/generic/autopilot/interface.gen 
Command     ap_source returned 0; 0 sec.
Execute     source /home/lp6m/Desktop/imagedDetectionHW/hls/color_hist/solution1/.autopilot/db/global.setting.tcl 
Command     ap_source returned 0; 0 sec.
Execute     source /home/lp6m/Xilinx/Vivado/2017.4/common/technology/xilinx/zynq/zynq.gen 
Execute       source /home/lp6m/Xilinx/Vivado/2017.4/common/technology/xilinx/common/virtex.gen 
Execute         source /home/lp6m/Xilinx/Vivado/2017.4/common/technology/xilinx/common/xilinx.gen 
Execute           source /home/lp6m/Xilinx/Vivado/2017.4/common/technology/xilinx/interface/plb46.gen 
Command           ap_source returned 0; 0 sec.
Execute           source /home/lp6m/Xilinx/Vivado/2017.4/common/technology/xilinx/interface/fsl.gen 
Command           ap_source returned 0; 0 sec.
Execute           source /home/lp6m/Xilinx/Vivado/2017.4/common/technology/xilinx/interface/axi4.gen 
Command           ap_source returned 0; 0 sec.
Execute           source /home/lp6m/Xilinx/Vivado/2017.4/common/technology/xilinx/interface/nativeAXI4.gen 
Execute             source /home/lp6m/Xilinx/Vivado/2017.4/common/technology/xilinx/interface/saxilite.gen 
Command             ap_source returned 0; 0.01 sec.
Execute             source /home/lp6m/Xilinx/Vivado/2017.4/common/technology/xilinx/interface/maxi.gen 
Command             ap_source returned 0; 0 sec.
Command           ap_source returned 0; 0.01 sec.
Execute           source /home/lp6m/Xilinx/Vivado/2017.4/common/technology/xilinx/scripts/xilinxcoregen.gen 
Command           ap_source returned 0; 0.01 sec.
Execute           source /home/lp6m/Xilinx/Vivado/2017.4/common/technology/xilinx/interface/XilEDKCoreGen.gen 
Command           ap_source returned 0; 0.01 sec.
Execute           source /home/lp6m/Xilinx/Vivado/2017.4/common/technology/xilinx/ip/util.gen 
Command           ap_source returned 0; 0 sec.
Execute           source /home/lp6m/Xilinx/Vivado/2017.4/common/technology/xilinx/ip/dds_compiler.gen 
Command           ap_source returned 0; 0 sec.
Execute           source /home/lp6m/Xilinx/Vivado/2017.4/common/technology/xilinx/ip/xfir.gen 
Command           ap_source returned 0; 0 sec.
Execute           source /home/lp6m/Xilinx/Vivado/2017.4/common/technology/xilinx/ip/xfft.gen 
Command           ap_source returned 0; 0.07 sec.
Command         ap_source returned 0; 0.1 sec.
Execute         source /home/lp6m/Xilinx/Vivado/2017.4/common/technology/xilinx/common/dsp48.gen 
Command         ap_source returned 0; 0 sec.
Command       ap_source returned 0; 0.1 sec.
Command     ap_source returned 0; 0.1 sec.
Execute     source /home/lp6m/Xilinx/Vivado/2017.4/common/technology/xilinx/zynq/zynq_fpv6.gen 
Execute       source /home/lp6m/Xilinx/Vivado/2017.4/common/technology/xilinx/common/xilinx_fpv6.gen 
Command       ap_source returned 0; 0 sec.
Command     ap_source returned 0; 0 sec.
Execute     source /home/lp6m/Desktop/imagedDetectionHW/hls/color_hist/solution1/.autopilot/db/global.setting.tcl 
Command     ap_source returned 0; 0 sec.
Execute     source /home/lp6m/Desktop/imagedDetectionHW/hls/color_hist/solution1/.autopilot/db/global.setting.tcl 
Command     ap_source returned 0; 0 sec.
Execute     source /home/lp6m/Xilinx/Vivado/2017.4/common/technology/generic/autopilot/common.gen 
Execute       source /home/lp6m/Xilinx/Vivado/2017.4/common/technology/generic/autopilot/APCoreGen.gen 
Command       ap_source returned 0; 0 sec.
Command     ap_source returned 0; 0 sec.
Execute     source /home/lp6m/Xilinx/Vivado/2017.4/common/technology/generic/autopilot/op.gen 
Command     ap_source returned 0; 0 sec.
Execute     source /home/lp6m/Xilinx/Vivado/2017.4/common/technology/generic/autopilot/op_simcore.gen 
Command     ap_source returned 0; 0 sec.
Execute     source /home/lp6m/Xilinx/Vivado/2017.4/common/technology/generic/autopilot/interface.gen 
Command     ap_source returned 0; 0 sec.
Execute     source /home/lp6m/Desktop/imagedDetectionHW/hls/color_hist/solution1/.autopilot/db/global.setting.tcl 
Command     ap_source returned 0; 0 sec.
Execute     source /home/lp6m/Xilinx/Vivado/2017.4/common/technology/xilinx/zynq/zynq.gen 
Execute       source /home/lp6m/Xilinx/Vivado/2017.4/common/technology/xilinx/common/virtex.gen 
Execute         source /home/lp6m/Xilinx/Vivado/2017.4/common/technology/xilinx/common/xilinx.gen 
Execute           source /home/lp6m/Xilinx/Vivado/2017.4/common/technology/xilinx/interface/plb46.gen 
Command           ap_source returned 0; 0 sec.
Execute           source /home/lp6m/Xilinx/Vivado/2017.4/common/technology/xilinx/interface/fsl.gen 
Command           ap_source returned 0; 0 sec.
Execute           source /home/lp6m/Xilinx/Vivado/2017.4/common/technology/xilinx/interface/axi4.gen 
Command           ap_source returned 0; 0 sec.
Execute           source /home/lp6m/Xilinx/Vivado/2017.4/common/technology/xilinx/interface/nativeAXI4.gen 
Execute             source /home/lp6m/Xilinx/Vivado/2017.4/common/technology/xilinx/interface/saxilite.gen 
Command             ap_source returned 0; 0.01 sec.
Execute             source /home/lp6m/Xilinx/Vivado/2017.4/common/technology/xilinx/interface/maxi.gen 
Command             ap_source returned 0; 0 sec.
Command           ap_source returned 0; 0.01 sec.
Execute           source /home/lp6m/Xilinx/Vivado/2017.4/common/technology/xilinx/scripts/xilinxcoregen.gen 
Command           ap_source returned 0; 0.01 sec.
Execute           source /home/lp6m/Xilinx/Vivado/2017.4/common/technology/xilinx/interface/XilEDKCoreGen.gen 
Command           ap_source returned 0; 0.01 sec.
Execute           source /home/lp6m/Xilinx/Vivado/2017.4/common/technology/xilinx/ip/util.gen 
Command           ap_source returned 0; 0 sec.
Execute           source /home/lp6m/Xilinx/Vivado/2017.4/common/technology/xilinx/ip/dds_compiler.gen 
Command           ap_source returned 0; 0 sec.
Execute           source /home/lp6m/Xilinx/Vivado/2017.4/common/technology/xilinx/ip/xfir.gen 
Command           ap_source returned 0; 0 sec.
Execute           source /home/lp6m/Xilinx/Vivado/2017.4/common/technology/xilinx/ip/xfft.gen 
Command           ap_source returned 0; 0.07 sec.
Command         ap_source returned 0; 0.1 sec.
Execute         source /home/lp6m/Xilinx/Vivado/2017.4/common/technology/xilinx/common/dsp48.gen 
Command         ap_source returned 0; 0 sec.
Command       ap_source returned 0; 0.1 sec.
Command     ap_source returned 0; 0.1 sec.
Execute     source /home/lp6m/Xilinx/Vivado/2017.4/common/technology/xilinx/zynq/zynq_fpv6.gen 
Execute       source /home/lp6m/Xilinx/Vivado/2017.4/common/technology/xilinx/common/xilinx_fpv6.gen 
Command       ap_source returned 0; 0 sec.
Command     ap_source returned 0; 0 sec.
Execute     source /home/lp6m/Desktop/imagedDetectionHW/hls/color_hist/solution1/.autopilot/db/global.setting.tcl 
Command     ap_source returned 0; 0 sec.
Execute     source /home/lp6m/Desktop/imagedDetectionHW/hls/color_hist/solution1/.autopilot/db/global.setting.tcl 
Command     ap_source returned 0; 0 sec.
Execute     source /home/lp6m/Desktop/imagedDetectionHW/hls/color_hist/solution1/.autopilot/db/global.setting.tcl 
Command     ap_source returned 0; 0 sec.
Execute     source /home/lp6m/Xilinx/Vivado/2017.4/common/technology/generic/autopilot/common.gen 
Execute       source /home/lp6m/Xilinx/Vivado/2017.4/common/technology/generic/autopilot/APCoreGen.gen 
Command       ap_source returned 0; 0.01 sec.
Command     ap_source returned 0; 0.01 sec.
Execute     source /home/lp6m/Xilinx/Vivado/2017.4/common/technology/generic/autopilot/op.gen 
Command     ap_source returned 0; 0 sec.
Execute     source /home/lp6m/Xilinx/Vivado/2017.4/common/technology/generic/autopilot/op_simcore.gen 
Command     ap_source returned 0; 0 sec.
Execute     source /home/lp6m/Xilinx/Vivado/2017.4/common/technology/generic/autopilot/interface.gen 
Command     ap_source returned 0; 0 sec.
Execute     source /home/lp6m/Desktop/imagedDetectionHW/hls/color_hist/solution1/.autopilot/db/global.setting.tcl 
Command     ap_source returned 0; 0 sec.
Execute     source /home/lp6m/Xilinx/Vivado/2017.4/common/technology/xilinx/zynq/zynq.gen 
Execute       source /home/lp6m/Xilinx/Vivado/2017.4/common/technology/xilinx/common/virtex.gen 
Execute         source /home/lp6m/Xilinx/Vivado/2017.4/common/technology/xilinx/common/xilinx.gen 
Execute           source /home/lp6m/Xilinx/Vivado/2017.4/common/technology/xilinx/interface/plb46.gen 
Command           ap_source returned 0; 0 sec.
Execute           source /home/lp6m/Xilinx/Vivado/2017.4/common/technology/xilinx/interface/fsl.gen 
Command           ap_source returned 0; 0 sec.
Execute           source /home/lp6m/Xilinx/Vivado/2017.4/common/technology/xilinx/interface/axi4.gen 
Command           ap_source returned 0; 0 sec.
Execute           source /home/lp6m/Xilinx/Vivado/2017.4/common/technology/xilinx/interface/nativeAXI4.gen 
Execute             source /home/lp6m/Xilinx/Vivado/2017.4/common/technology/xilinx/interface/saxilite.gen 
Command             ap_source returned 0; 0 sec.
Execute             source /home/lp6m/Xilinx/Vivado/2017.4/common/technology/xilinx/interface/maxi.gen 
Command             ap_source returned 0; 0 sec.
Command           ap_source returned 0; 0 sec.
Execute           source /home/lp6m/Xilinx/Vivado/2017.4/common/technology/xilinx/scripts/xilinxcoregen.gen 
Command           ap_source returned 0; 0.01 sec.
Execute           source /home/lp6m/Xilinx/Vivado/2017.4/common/technology/xilinx/interface/XilEDKCoreGen.gen 
Command           ap_source returned 0; 0.01 sec.
Execute           source /home/lp6m/Xilinx/Vivado/2017.4/common/technology/xilinx/ip/util.gen 
Command           ap_source returned 0; 0 sec.
Execute           source /home/lp6m/Xilinx/Vivado/2017.4/common/technology/xilinx/ip/dds_compiler.gen 
Command           ap_source returned 0; 0 sec.
Execute           source /home/lp6m/Xilinx/Vivado/2017.4/common/technology/xilinx/ip/xfir.gen 
Command           ap_source returned 0; 0 sec.
Execute           source /home/lp6m/Xilinx/Vivado/2017.4/common/technology/xilinx/ip/xfft.gen 
Command           ap_source returned 0; 0.07 sec.
Command         ap_source returned 0; 0.09 sec.
Execute         source /home/lp6m/Xilinx/Vivado/2017.4/common/technology/xilinx/common/dsp48.gen 
Command         ap_source returned 0; 0 sec.
Command       ap_source returned 0; 0.09 sec.
Command     ap_source returned 0; 0.09 sec.
Execute     source /home/lp6m/Xilinx/Vivado/2017.4/common/technology/xilinx/zynq/zynq_fpv6.gen 
Execute       source /home/lp6m/Xilinx/Vivado/2017.4/common/technology/xilinx/common/xilinx_fpv6.gen 
Command       ap_source returned 0; 0 sec.
Command     ap_source returned 0; 0 sec.
Execute     source /home/lp6m/Desktop/imagedDetectionHW/hls/color_hist/solution1/.autopilot/db/global.setting.tcl 
Command     ap_source returned 0; 0 sec.
Execute     source /home/lp6m/Desktop/imagedDetectionHW/hls/color_hist/solution1/.autopilot/db/calc_hist.compgen.tcl 
Command     ap_source returned 0; 0 sec.
Execute     source /home/lp6m/Desktop/imagedDetectionHW/hls/color_hist/solution1/.autopilot/db/color_hist.compgen.tcl 
Command     ap_source returned 0; 0 sec.
Execute     source /home/lp6m/Desktop/imagedDetectionHW/hls/color_hist/solution1/.autopilot/db/global.setting.tcl 
Command     ap_source returned 0; 0 sec.
Execute     source /home/lp6m/Desktop/imagedDetectionHW/hls/color_hist/solution1/.autopilot/db/color_hist.constraint.tcl 
Command     ap_source returned 0; 0 sec.
Execute     source /home/lp6m/Desktop/imagedDetectionHW/hls/color_hist/solution1/.autopilot/db/color_hist.tbgen.tcl 
Command     ap_source returned 0; 0 sec.
Execute     source /home/lp6m/Desktop/imagedDetectionHW/hls/color_hist/solution1/.autopilot/db/global.setting.tcl 
Command     ap_source returned 0; 0 sec.
Execute     source /home/lp6m/Xilinx/Vivado/2017.4/common/technology/generic/autopilot/common.gen 
Execute       source /home/lp6m/Xilinx/Vivado/2017.4/common/technology/generic/autopilot/APCoreGen.gen 
Command       ap_source returned 0; 0 sec.
Command     ap_source returned 0; 0 sec.
Execute     source /home/lp6m/Xilinx/Vivado/2017.4/common/technology/generic/autopilot/op.gen 
Command     ap_source returned 0; 0 sec.
Execute     source /home/lp6m/Xilinx/Vivado/2017.4/common/technology/generic/autopilot/op_simcore.gen 
Command     ap_source returned 0; 0 sec.
Execute     source /home/lp6m/Xilinx/Vivado/2017.4/common/technology/generic/autopilot/interface.gen 
Command     ap_source returned 0; 0 sec.
Execute     source /home/lp6m/Desktop/imagedDetectionHW/hls/color_hist/solution1/.autopilot/db/global.setting.tcl 
Command     ap_source returned 0; 0 sec.
Execute     source /home/lp6m/Xilinx/Vivado/2017.4/common/technology/xilinx/zynq/zynq.gen 
Execute       source /home/lp6m/Xilinx/Vivado/2017.4/common/technology/xilinx/common/virtex.gen 
Execute         source /home/lp6m/Xilinx/Vivado/2017.4/common/technology/xilinx/common/xilinx.gen 
Execute           source /home/lp6m/Xilinx/Vivado/2017.4/common/technology/xilinx/interface/plb46.gen 
Command           ap_source returned 0; 0 sec.
Execute           source /home/lp6m/Xilinx/Vivado/2017.4/common/technology/xilinx/interface/fsl.gen 
Command           ap_source returned 0; 0 sec.
Execute           source /home/lp6m/Xilinx/Vivado/2017.4/common/technology/xilinx/interface/axi4.gen 
Command           ap_source returned 0; 0 sec.
Execute           source /home/lp6m/Xilinx/Vivado/2017.4/common/technology/xilinx/interface/nativeAXI4.gen 
Execute             source /home/lp6m/Xilinx/Vivado/2017.4/common/technology/xilinx/interface/saxilite.gen 
Command             ap_source returned 0; 0 sec.
Execute             source /home/lp6m/Xilinx/Vivado/2017.4/common/technology/xilinx/interface/maxi.gen 
Command             ap_source returned 0; 0.01 sec.
Command           ap_source returned 0; 0.01 sec.
Execute           source /home/lp6m/Xilinx/Vivado/2017.4/common/technology/xilinx/scripts/xilinxcoregen.gen 
Command           ap_source returned 0; 0.01 sec.
Execute           source /home/lp6m/Xilinx/Vivado/2017.4/common/technology/xilinx/interface/XilEDKCoreGen.gen 
Command           ap_source returned 0; 0 sec.
Execute           source /home/lp6m/Xilinx/Vivado/2017.4/common/technology/xilinx/ip/util.gen 
Command           ap_source returned 0; 0 sec.
Execute           source /home/lp6m/Xilinx/Vivado/2017.4/common/technology/xilinx/ip/dds_compiler.gen 
Command           ap_source returned 0; 0 sec.
Execute           source /home/lp6m/Xilinx/Vivado/2017.4/common/technology/xilinx/ip/xfir.gen 
Command           ap_source returned 0; 0 sec.
Execute           source /home/lp6m/Xilinx/Vivado/2017.4/common/technology/xilinx/ip/xfft.gen 
Command           ap_source returned 0; 0.06 sec.
Command         ap_source returned 0; 0.08 sec.
Execute         source /home/lp6m/Xilinx/Vivado/2017.4/common/technology/xilinx/common/dsp48.gen 
Command         ap_source returned 0; 0 sec.
Command       ap_source returned 0; 0.09 sec.
Command     ap_source returned 0; 0.09 sec.
Execute     source /home/lp6m/Xilinx/Vivado/2017.4/common/technology/xilinx/zynq/zynq_fpv6.gen 
Execute       source /home/lp6m/Xilinx/Vivado/2017.4/common/technology/xilinx/common/xilinx_fpv6.gen 
Command       ap_source returned 0; 0 sec.
Command     ap_source returned 0; 0 sec.
Execute     source /home/lp6m/Desktop/imagedDetectionHW/hls/color_hist/solution1/.autopilot/db/global.setting.tcl 
Command     ap_source returned 0; 0 sec.
Command   export_design returned 0; 40.28 sec.
Command ap_source returned 0; 40.46 sec.
Execute cleanup_all 
Command cleanup_all returned 0; 0 sec.
